# JRE version: OpenJDK Runtime Environment Temurin-17.0.12+7 (17.0.12+7) (build 17.0.12+7)
# Java VM: OpenJDK 64-Bit Server VM Temurin-17.0.12+7 (17.0.12+7, mixed mode, tiered, compressed oops, compressed class ptrs, parallel gc, windows-amd64)
GC Precious Log:
 CPUs: 4 total, 4 available
 Memory: 4001M
 Large Page Support: Disabled
 NUMA Support: Disabled
 Compressed Oops: Enabled (32-bit)
 Alignments: Space 512K, Generation 512K, Heap 2M
 Heap Min Capacity: 100M
 Heap Initial Capacity: 100M
 Heap Max Capacity: 1G
 Pre-touch: Disabled
 Parallel Workers: 4
Heap:
 PSYoungGen      total 38400K, used 28981K [0x00000000eab00000, 0x00000000ee600000, 0x0000000100000000)
  eden space 25600K, 63% used [0x00000000eab00000,0x00000000ebad04d0,0x00000000ec400000)
  from space 12800K, 99% used [0x00000000ec680000,0x00000000ed2fcf90,0x00000000ed300000)
  to   space 17408K, 0% used [0x00000000ed500000,0x00000000ed500000,0x00000000ee600000)
 ParOldGen       total 161792K, used 141977K [0x00000000c0000000, 0x00000000c9e00000, 0x00000000eab00000)
  object space 161792K, 87% used [0x00000000c0000000,0x00000000c8aa6560,0x00000000c9e00000)
 Metaspace       used 72492K, committed 73664K, reserved 1179648K
  class space    used 7677K, committed 8192K, reserved 1048576K
GC Heap History (20 events):
Event: 32.578 GC heap before
{Heap before GC invocations=55 (full 6):
 PSYoungGen      total 39936K, used 24064K [0x00000000eab00000, 0x00000000ee280000, 0x0000000100000000)
  eden space 24064K, 100% used [0x00000000eab00000,0x00000000ec280000,0x00000000ec280000)
  from space 15872K, 0% used [0x00000000ec280000,0x00000000ec280000,0x00000000ed200000)
  to   space 15872K, 0% used [0x00000000ed300000,0x00000000ed300000,0x00000000ee280000)
 ParOldGen       total 161792K, used 96818K [0x00000000c0000000, 0x00000000c9e00000, 0x00000000eab00000)
  object space 161792K, 59% used [0x00000000c0000000,0x00000000c5e8caf8,0x00000000c9e00000)
 Metaspace       used 72212K, committed 73408K, reserved 1179648K
  class space    used 7661K, committed 8192K, reserved 1048576K
}
Event: 32.587 GC heap after
{Heap after GC invocations=55 (full 6):
 PSYoungGen      total 35328K, used 9452K [0x00000000eab00000, 0x00000000edc80000, 0x0000000100000000)
  eden space 25600K, 0% used [0x00000000eab00000,0x00000000eab00000,0x00000000ec400000)
  from space 9728K, 97% used [0x00000000ed300000,0x00000000edc3b098,0x00000000edc80000)
  to   space 11776K, 0% used [0x00000000ec580000,0x00000000ec580000,0x00000000ed100000)
 ParOldGen       total 161792K, used 96826K [0x00000000c0000000, 0x00000000c9e00000, 0x00000000eab00000)
  object space 161792K, 59% used [0x00000000c0000000,0x00000000c5e8eaf8,0x00000000c9e00000)
 Metaspace       used 72212K, committed 73408K, reserved 1179648K
  class space    used 7661K, committed 8192K, reserved 1048576K
}
Event: 34.181 GC heap before
{Heap before GC invocations=56 (full 6):
 PSYoungGen      total 35328K, used 35052K [0x00000000eab00000, 0x00000000edc80000, 0x0000000100000000)
  eden space 25600K, 100% used [0x00000000eab00000,0x00000000ec400000,0x00000000ec400000)
  from space 9728K, 97% used [0x00000000ed300000,0x00000000edc3b098,0x00000000edc80000)
  to   space 11776K, 0% used [0x00000000ec580000,0x00000000ec580000,0x00000000ed100000)
 ParOldGen       total 161792K, used 96826K [0x00000000c0000000, 0x00000000c9e00000, 0x00000000eab00000)
  object space 161792K, 59% used [0x00000000c0000000,0x00000000c5e8eaf8,0x00000000c9e00000)
 Metaspace       used 72438K, committed 73600K, reserved 1179648K
  class space    used 7672K, committed 8192K, reserved 1048576K
}
Event: 34.192 GC heap after
{Heap after GC invocations=56 (full 6):
 PSYoungGen      total 37376K, used 11765K [0x00000000eab00000, 0x00000000ee300000, 0x0000000100000000)
  eden space 25600K, 0% used [0x00000000eab00000,0x00000000eab00000,0x00000000ec400000)
  from space 11776K, 99% used [0x00000000ec580000,0x00000000ed0fd790,0x00000000ed100000)
  to   space 15872K, 0% used [0x00000000ed380000,0x00000000ed380000,0x00000000ee300000)
 ParOldGen       total 161792K, used 99634K [0x00000000c0000000, 0x00000000c9e00000, 0x00000000eab00000)
  object space 161792K, 61% used [0x00000000c0000000,0x00000000c614caf8,0x00000000c9e00000)
 Metaspace       used 72438K, committed 73600K, reserved 1179648K
  class space    used 7672K, committed 8192K, reserved 1048576K
}
Event: 34.653 GC heap before
{Heap before GC invocations=57 (full 6):
 PSYoungGen      total 37376K, used 37365K [0x00000000eab00000, 0x00000000ee300000, 0x0000000100000000)
  eden space 25600K, 100% used [0x00000000eab00000,0x00000000ec400000,0x00000000ec400000)
  from space 11776K, 99% used [0x00000000ec580000,0x00000000ed0fd790,0x00000000ed100000)
  to   space 15872K, 0% used [0x00000000ed380000,0x00000000ed380000,0x00000000ee300000)
 ParOldGen       total 161792K, used 99634K [0x00000000c0000000, 0x00000000c9e00000, 0x00000000eab00000)
  object space 161792K, 61% used [0x00000000c0000000,0x00000000c614caf8,0x00000000c9e00000)
 Metaspace       used 72439K, committed 73600K, reserved 1179648K
  class space    used 7672K, committed 8192K, reserved 1048576K
}
Event: 34.665 GC heap after
{Heap after GC invocations=57 (full 6):
 PSYoungGen      total 36352K, used 10710K [0x00000000eab00000, 0x00000000ede00000, 0x0000000100000000)
  eden space 25600K, 0% used [0x00000000eab00000,0x00000000eab00000,0x00000000ec400000)
  from space 10752K, 99% used [0x00000000ed380000,0x00000000eddf5ab0,0x00000000ede00000)
  to   space 12288K, 0% used [0x00000000ec600000,0x00000000ec600000,0x00000000ed200000)
 ParOldGen       total 161792K, used 105939K [0x00000000c0000000, 0x00000000c9e00000, 0x00000000eab00000)
  object space 161792K, 65% used [0x00000000c0000000,0x00000000c6774e08,0x00000000c9e00000)
 Metaspace       used 72439K, committed 73600K, reserved 1179648K
  class space    used 7672K, committed 8192K, reserved 1048576K
}
Event: 34.895 GC heap before
{Heap before GC invocations=58 (full 6):
 PSYoungGen      total 36352K, used 36310K [0x00000000eab00000, 0x00000000ede00000, 0x0000000100000000)
  eden space 25600K, 100% used [0x00000000eab00000,0x00000000ec400000,0x00000000ec400000)
  from space 10752K, 99% used [0x00000000ed380000,0x00000000eddf5ab0,0x00000000ede00000)
  to   space 12288K, 0% used [0x00000000ec600000,0x00000000ec600000,0x00000000ed200000)
 ParOldGen       total 161792K, used 105939K [0x00000000c0000000, 0x00000000c9e00000, 0x00000000eab00000)
  object space 161792K, 65% used [0x00000000c0000000,0x00000000c6774e08,0x00000000c9e00000)
 Metaspace       used 72439K, committed 73600K, reserved 1179648K
  class space    used 7672K, committed 8192K, reserved 1048576K
}
Event: 34.907 GC heap after
{Heap after GC invocations=58 (full 6):
 PSYoungGen      total 37888K, used 12263K [0x00000000eab00000, 0x00000000ee600000, 0x0000000100000000)
  eden space 25600K, 0% used [0x00000000eab00000,0x00000000eab00000,0x00000000ec400000)
  from space 12288K, 99% used [0x00000000ec600000,0x00000000ed1f9fc8,0x00000000ed200000)
  to   space 17408K, 0% used [0x00000000ed500000,0x00000000ed500000,0x00000000ee600000)
 ParOldGen       total 161792K, used 109909K [0x00000000c0000000, 0x00000000c9e00000, 0x00000000eab00000)
  object space 161792K, 67% used [0x00000000c0000000,0x00000000c6b55480,0x00000000c9e00000)
 Metaspace       used 72439K, committed 73600K, reserved 1179648K
  class space    used 7672K, committed 8192K, reserved 1048576K
}
Event: 35.602 GC heap before
{Heap before GC invocations=59 (full 6):
 PSYoungGen      total 37888K, used 37863K [0x00000000eab00000, 0x00000000ee600000, 0x0000000100000000)
  eden space 25600K, 100% used [0x00000000eab00000,0x00000000ec400000,0x00000000ec400000)
  from space 12288K, 99% used [0x00000000ec600000,0x00000000ed1f9fc8,0x00000000ed200000)
  to   space 17408K, 0% used [0x00000000ed500000,0x00000000ed500000,0x00000000ee600000)
 ParOldGen       total 161792K, used 109909K [0x00000000c0000000, 0x00000000c9e00000, 0x00000000eab00000)
  object space 161792K, 67% used [0x00000000c0000000,0x00000000c6b55480,0x00000000c9e00000)
 Metaspace       used 72473K, committed 73664K, reserved 1179648K
  class space    used 7674K, committed 8192K, reserved 1048576K
}
Event: 35.614 GC heap after
{Heap after GC invocations=59 (full 6):
 PSYoungGen      total 36352K, used 10242K [0x00000000eab00000, 0x00000000edf80000, 0x0000000100000000)
  eden space 25600K, 0% used [0x00000000eab00000,0x00000000eab00000,0x00000000ec400000)
  from space 10752K, 95% used [0x00000000ed500000,0x00000000edf00a30,0x00000000edf80000)
  to   space 12800K, 0% used [0x00000000ec680000,0x00000000ec680000,0x00000000ed300000)
 ParOldGen       total 161792K, used 117192K [0x00000000c0000000, 0x00000000c9e00000, 0x00000000eab00000)
  object space 161792K, 72% used [0x00000000c0000000,0x00000000c7272318,0x00000000c9e00000)
 Metaspace       used 72473K, committed 73664K, reserved 1179648K
  class space    used 7674K, committed 8192K, reserved 1048576K
}
Event: 36.139 GC heap before
{Heap before GC invocations=60 (full 6):
 PSYoungGen      total 36352K, used 35842K [0x00000000eab00000, 0x00000000edf80000, 0x0000000100000000)
  eden space 25600K, 100% used [0x00000000eab00000,0x00000000ec400000,0x00000000ec400000)
  from space 10752K, 95% used [0x00000000ed500000,0x00000000edf00a30,0x00000000edf80000)
  to   space 12800K, 0% used [0x00000000ec680000,0x00000000ec680000,0x00000000ed300000)
 ParOldGen       total 161792K, used 117192K [0x00000000c0000000, 0x00000000c9e00000, 0x00000000eab00000)
  object space 161792K, 72% used [0x00000000c0000000,0x00000000c7272318,0x00000000c9e00000)
 Metaspace       used 72473K, committed 73664K, reserved 1179648K
  class space    used 7674K, committed 8192K, reserved 1048576K
}
Event: 36.149 GC heap after
{Heap after GC invocations=60 (full 6):
 PSYoungGen      total 38400K, used 12792K [0x00000000eab00000, 0x00000000ee400000, 0x0000000100000000)
  eden space 25600K, 0% used [0x00000000eab00000,0x00000000eab00000,0x00000000ec400000)
  from space 12800K, 99% used [0x00000000ec680000,0x00000000ed2fe168,0x00000000ed300000)
  to   space 16384K, 0% used [0x00000000ed400000,0x00000000ed400000,0x00000000ee400000)
 ParOldGen       total 161792K, used 119696K [0x00000000c0000000, 0x00000000c9e00000, 0x00000000eab00000)
  object space 161792K, 73% used [0x00000000c0000000,0x00000000c74e4318,0x00000000c9e00000)
 Metaspace       used 72473K, committed 73664K, reserved 1179648K
  class space    used 7674K, committed 8192K, reserved 1048576K
}
Event: 36.453 GC heap before
{Heap before GC invocations=61 (full 6):
 PSYoungGen      total 38400K, used 38392K [0x00000000eab00000, 0x00000000ee400000, 0x0000000100000000)
  eden space 25600K, 100% used [0x00000000eab00000,0x00000000ec400000,0x00000000ec400000)
  from space 12800K, 99% used [0x00000000ec680000,0x00000000ed2fe168,0x00000000ed300000)
  to   space 16384K, 0% used [0x00000000ed400000,0x00000000ed400000,0x00000000ee400000)
 ParOldGen       total 161792K, used 119696K [0x00000000c0000000, 0x00000000c9e00000, 0x00000000eab00000)
  object space 161792K, 73% used [0x00000000c0000000,0x00000000c74e4318,0x00000000c9e00000)
 Metaspace       used 72473K, committed 73664K, reserved 1179648K
  class space    used 7674K, committed 8192K, reserved 1048576K
}
Event: 36.469 GC heap after
{Heap after GC invocations=61 (full 6):
 PSYoungGen      total 36352K, used 10631K [0x00000000eab00000, 0x00000000ede80000, 0x0000000100000000)
  eden space 25600K, 0% used [0x00000000eab00000,0x00000000eab00000,0x00000000ec400000)
  from space 10752K, 98% used [0x00000000ed400000,0x00000000ede61d00,0x00000000ede80000)
  to   space 12800K, 0% used [0x00000000ec580000,0x00000000ec580000,0x00000000ed200000)
 ParOldGen       total 161792K, used 127470K [0x00000000c0000000, 0x00000000c9e00000, 0x00000000eab00000)
  object space 161792K, 78% used [0x00000000c0000000,0x00000000c7c7b828,0x00000000c9e00000)
 Metaspace       used 72473K, committed 73664K, reserved 1179648K
  class space    used 7674K, committed 8192K, reserved 1048576K
}
Event: 36.677 GC heap before
{Heap before GC invocations=62 (full 6):
 PSYoungGen      total 36352K, used 36231K [0x00000000eab00000, 0x00000000ede80000, 0x0000000100000000)
  eden space 25600K, 100% used [0x00000000eab00000,0x00000000ec400000,0x00000000ec400000)
  from space 10752K, 98% used [0x00000000ed400000,0x00000000ede61d00,0x00000000ede80000)
  to   space 12800K, 0% used [0x00000000ec580000,0x00000000ec580000,0x00000000ed200000)
 ParOldGen       total 161792K, used 127470K [0x00000000c0000000, 0x00000000c9e00000, 0x00000000eab00000)
  object space 161792K, 78% used [0x00000000c0000000,0x00000000c7c7b828,0x00000000c9e00000)
 Metaspace       used 72492K, committed 73664K, reserved 1179648K
  class space    used 7677K, committed 8192K, reserved 1048576K
}
Event: 36.689 GC heap after
{Heap after GC invocations=62 (full 6):
 PSYoungGen      total 38400K, used 12785K [0x00000000eab00000, 0x00000000ee600000, 0x0000000100000000)
  eden space 25600K, 0% used [0x00000000eab00000,0x00000000eab00000,0x00000000ec400000)
  from space 12800K, 99% used [0x00000000ec580000,0x00000000ed1fc6a0,0x00000000ed200000)
  to   space 17408K, 0% used [0x00000000ed500000,0x00000000ed500000,0x00000000ee600000)
 ParOldGen       total 161792K, used 130845K [0x00000000c0000000, 0x00000000c9e00000, 0x00000000eab00000)
  object space 161792K, 80% used [0x00000000c0000000,0x00000000c7fc7650,0x00000000c9e00000)
 Metaspace       used 72492K, committed 73664K, reserved 1179648K
  class space    used 7677K, committed 8192K, reserved 1048576K
}
Event: 37.371 GC heap before
{Heap before GC invocations=63 (full 6):
 PSYoungGen      total 38400K, used 38385K [0x00000000eab00000, 0x00000000ee600000, 0x0000000100000000)
  eden space 25600K, 100% used [0x00000000eab00000,0x00000000ec400000,0x00000000ec400000)
  from space 12800K, 99% used [0x00000000ec580000,0x00000000ed1fc6a0,0x00000000ed200000)
  to   space 17408K, 0% used [0x00000000ed500000,0x00000000ed500000,0x00000000ee600000)
 ParOldGen       total 161792K, used 130845K [0x00000000c0000000, 0x00000000c9e00000, 0x00000000eab00000)
  object space 161792K, 80% used [0x00000000c0000000,0x00000000c7fc7650,0x00000000c9e00000)
 Metaspace       used 72492K, committed 73664K, reserved 1179648K
  class space    used 7677K, committed 8192K, reserved 1048576K
}
Event: 37.384 GC heap after
{Heap after GC invocations=63 (full 6):
 PSYoungGen      total 36352K, used 10606K [0x00000000eab00000, 0x00000000edf80000, 0x0000000100000000)
  eden space 25600K, 0% used [0x00000000eab00000,0x00000000eab00000,0x00000000ec400000)
  from space 10752K, 98% used [0x00000000ed500000,0x00000000edf5ba00,0x00000000edf80000)
  to   space 12800K, 0% used [0x00000000ec680000,0x00000000ec680000,0x00000000ed300000)
 ParOldGen       total 161792K, used 138737K [0x00000000c0000000, 0x00000000c9e00000, 0x00000000eab00000)
  object space 161792K, 85% used [0x00000000c0000000,0x00000000c877c6b0,0x00000000c9e00000)
 Metaspace       used 72492K, committed 73664K, reserved 1179648K
  class space    used 7677K, committed 8192K, reserved 1048576K
}
Event: 37.654 GC heap before
{Heap before GC invocations=64 (full 6):
 PSYoungGen      total 36352K, used 36206K [0x00000000eab00000, 0x00000000edf80000, 0x0000000100000000)
  eden space 25600K, 100% used [0x00000000eab00000,0x00000000ec400000,0x00000000ec400000)
  from space 10752K, 98% used [0x00000000ed500000,0x00000000edf5ba00,0x00000000edf80000)
  to   space 12800K, 0% used [0x00000000ec680000,0x00000000ec680000,0x00000000ed300000)
 ParOldGen       total 161792K, used 138737K [0x00000000c0000000, 0x00000000c9e00000, 0x00000000eab00000)
  object space 161792K, 85% used [0x00000000c0000000,0x00000000c877c6b0,0x00000000c9e00000)
 Metaspace       used 72492K, committed 73664K, reserved 1179648K
  class space    used 7677K, committed 8192K, reserved 1048576K
}
Event: 37.666 GC heap after
{Heap after GC invocations=64 (full 6):
 PSYoungGen      total 38400K, used 12787K [0x00000000eab00000, 0x00000000ee600000, 0x0000000100000000)
  eden space 25600K, 0% used [0x00000000eab00000,0x00000000eab00000,0x00000000ec400000)
  from space 12800K, 99% used [0x00000000ec680000,0x00000000ed2fcf90,0x00000000ed300000)
  to   space 17408K, 0% used [0x00000000ed500000,0x00000000ed500000,0x00000000ee600000)
 ParOldGen       total 161792K, used 141977K [0x00000000c0000000, 0x00000000c9e00000, 0x00000000eab00000)
  object space 161792K, 87% used [0x00000000c0000000,0x00000000c8aa6560,0x00000000c9e00000)
 Metaspace       used 72492K, committed 73664K, reserved 1179648K
  class space    used 7677K, committed 8192K, reserved 1048576K
}

